<?xml version="1.0" encoding="UTF-8"?>
<coverage generated="1693039478903" clover="3.2.0">
  <project timestamp="1693039478904" name="All files">
    <metrics statements="21" coveredstatements="21" conditionals="4" coveredconditionals="4" methods="5" coveredmethods="5" elements="30" coveredelements="30" complexity="0" loc="21" ncloc="21" packages="1" files="2" classes="2"/>
    <file name="calculator.js" path="C:\Users\rkoef\Documents\Projects\Testing\testing_2023\Homework\calculator.js">
      <metrics statements="8" coveredstatements="8" conditionals="0" coveredconditionals="0" methods="4" coveredmethods="4"/>
      <line num="4" count="5" type="stmt"/>
      <line num="8" count="1" type="stmt"/>
      <line num="12" count="1" type="stmt"/>
      <line num="16" count="1" type="stmt"/>
      <line num="19" count="1" type="stmt"/>
      <line num="20" count="1" type="stmt"/>
      <line num="21" count="1" type="stmt"/>
      <line num="22" count="1" type="stmt"/>
    </file>
    <file name="roman_numerals.js" path="C:\Users\rkoef\Documents\Projects\Testing\testing_2023\Homework\roman_numerals.js">
      <metrics statements="13" coveredstatements="13" conditionals="4" coveredconditionals="4" methods="1" coveredmethods="1"/>
      <line num="2" count="31" type="stmt"/>
      <line num="11" count="31" type="stmt"/>
      <line num="13" count="31" type="stmt"/>
      <line num="14" count="57" type="stmt"/>
      <line num="15" count="57" type="stmt"/>
      <line num="17" count="57" type="cond" truecount="4" falsecount="0"/>
      <line num="18" count="20" type="stmt"/>
      <line num="19" count="20" type="stmt"/>
      <line num="21" count="37" type="stmt"/>
      <line num="24" count="31" type="stmt"/>
      <line num="28" count="1" type="stmt"/>
      <line num="29" count="1" type="stmt"/>
      <line num="31" count="1" type="stmt"/>
    </file>
  </project>
</coverage>
