{"C:\\Users\\rkoef\\Documents\\Projects\\Testing\\testing_2023\\Homework\\calculator.js": {"path":"C:\\Users\\rkoef\\Documents\\Projects\\Testing\\testing_2023\\Homework\\calculator.js","statementMap":{"0":{"start":{"line":4,"column":4},"end":{"line":4,"column":17}},"1":{"start":{"line":8,"column":4},"end":{"line":8,"column":17}},"2":{"start":{"line":12,"column":4},"end":{"line":12,"column":17}},"3":{"start":{"line":16,"column":4},"end":{"line":16,"column":17}},"4":{"start":{"line":19,"column":0},"end":{"line":19,"column":18}},"5":{"start":{"line":20,"column":0},"end":{"line":20,"column":18}},"6":{"start":{"line":21,"column":0},"end":{"line":21,"column":20}},"7":{"start":{"line":22,"column":0},"end":{"line":22,"column":18}}},"fnMap":{"0":{"name":"sum","decl":{"start":{"line":3,"column":9},"end":{"line":3,"column":12}},"loc":{"start":{"line":3,"column":19},"end":{"line":5,"column":1}},"line":3},"1":{"name":"sub","decl":{"start":{"line":7,"column":9},"end":{"line":7,"column":12}},"loc":{"start":{"line":7,"column":19},"end":{"line":9,"column":1}},"line":7},"2":{"name":"mult","decl":{"start":{"line":11,"column":9},"end":{"line":11,"column":13}},"loc":{"start":{"line":11,"column":20},"end":{"line":13,"column":1}},"line":11},"3":{"name":"div","decl":{"start":{"line":15,"column":9},"end":{"line":15,"column":12}},"loc":{"start":{"line":15,"column":19},"end":{"line":17,"column":1}},"line":15}},"branchMap":{},"s":{"0":5,"1":1,"2":1,"3":1,"4":1,"5":1,"6":1,"7":1},"f":{"0":5,"1":1,"2":1,"3":1},"b":{},"_coverageSchema":"1a1c01bbd47fc00a2c39e90264f33305004495a9","hash":"85c31b231d9b1069073ff05ec12b98c82924fe9b"}
,"C:\\Users\\rkoef\\Documents\\Projects\\Testing\\testing_2023\\Homework\\roman_numerals.js": {"path":"C:\\Users\\rkoef\\Documents\\Projects\\Testing\\testing_2023\\Homework\\roman_numerals.js","statementMap":{"0":{"start":{"line":2,"column":24},"end":{"line":10,"column":5}},"1":{"start":{"line":11,"column":21},"end":{"line":11,"column":22}},"2":{"start":{"line":13,"column":4},"end":{"line":23,"column":5}},"3":{"start":{"line":13,"column":17},"end":{"line":13,"column":18}},"4":{"start":{"line":14,"column":24},"end":{"line":14,"column":45}},"5":{"start":{"line":15,"column":21},"end":{"line":15,"column":46}},"6":{"start":{"line":17,"column":8},"end":{"line":22,"column":9}},"7":{"start":{"line":18,"column":12},"end":{"line":18,"column":37}},"8":{"start":{"line":19,"column":12},"end":{"line":19,"column":16}},"9":{"start":{"line":21,"column":12},"end":{"line":21,"column":30}},"10":{"start":{"line":24,"column":4},"end":{"line":24,"column":18}},"11":{"start":{"line":28,"column":21},"end":{"line":28,"column":30}},"12":{"start":{"line":29,"column":26},"end":{"line":29,"column":50}},"13":{"start":{"line":31,"column":0},"end":{"line":31,"column":32}}},"fnMap":{"0":{"name":"romanToInt","decl":{"start":{"line":1,"column":9},"end":{"line":1,"column":19}},"loc":{"start":{"line":1,"column":26},"end":{"line":25,"column":1}},"line":1}},"branchMap":{"0":{"loc":{"start":{"line":17,"column":8},"end":{"line":22,"column":9}},"type":"if","locations":[{"start":{"line":17,"column":8},"end":{"line":22,"column":9}},{"start":{"line":20,"column":15},"end":{"line":22,"column":9}}],"line":17},"1":{"loc":{"start":{"line":17,"column":12},"end":{"line":17,"column":34}},"type":"binary-expr","locations":[{"start":{"line":17,"column":12},"end":{"line":17,"column":16}},{"start":{"line":17,"column":20},"end":{"line":17,"column":34}}],"line":17}},"s":{"0":31,"1":31,"2":31,"3":31,"4":57,"5":57,"6":57,"7":20,"8":20,"9":37,"10":31,"11":1,"12":1,"13":1},"f":{"0":31},"b":{"0":[20,37],"1":[57,40]},"_coverageSchema":"1a1c01bbd47fc00a2c39e90264f33305004495a9","hash":"c6257a7ee745b62b5eb6d492c4d561d3efeea201"}
}
