{"C:\\Users\\rkoef\\Documents\\Projects\\Testing\\testing_2023\\Homework\\TDD.js": {"path":"C:\\Users\\rkoef\\Documents\\Projects\\Testing\\testing_2023\\Homework\\TDD.js","statementMap":{"0":{"start":{"line":3,"column":18},"end":{"line":3,"column":20}},"1":{"start":{"line":4,"column":4},"end":{"line":12,"column":5}},"2":{"start":{"line":5,"column":8},"end":{"line":11,"column":9}},"3":{"start":{"line":6,"column":12},"end":{"line":10,"column":13}},"4":{"start":{"line":7,"column":16},"end":{"line":7,"column":34}},"5":{"start":{"line":9,"column":16},"end":{"line":9,"column":36}},"6":{"start":{"line":13,"column":4},"end":{"line":13,"column":19}},"7":{"start":{"line":17,"column":4},"end":{"line":17,"column":29}},"8":{"start":{"line":18,"column":4},"end":{"line":18,"column":29}},"9":{"start":{"line":19,"column":4},"end":{"line":19,"column":31}},"10":{"start":{"line":20,"column":4},"end":{"line":20,"column":31}},"11":{"start":{"line":22,"column":4},"end":{"line":22,"column":49}},"12":{"start":{"line":22,"column":24},"end":{"line":22,"column":48}},"13":{"start":{"line":23,"column":4},"end":{"line":23,"column":28}},"14":{"start":{"line":24,"column":4},"end":{"line":24,"column":49}},"15":{"start":{"line":24,"column":24},"end":{"line":24,"column":48}},"16":{"start":{"line":25,"column":4},"end":{"line":25,"column":28}},"17":{"start":{"line":26,"column":4},"end":{"line":26,"column":27}},"18":{"start":{"line":27,"column":4},"end":{"line":27,"column":57}},"19":{"start":{"line":30,"column":0},"end":{"line":30,"column":36}},"20":{"start":{"line":31,"column":0},"end":{"line":31,"column":30}}},"fnMap":{"0":{"name":"countLetters","decl":{"start":{"line":2,"column":9},"end":{"line":2,"column":21}},"loc":{"start":{"line":2,"column":27},"end":{"line":14,"column":1}},"line":2},"1":{"name":"isAnagram","decl":{"start":{"line":16,"column":9},"end":{"line":16,"column":18}},"loc":{"start":{"line":16,"column":31},"end":{"line":28,"column":1}},"line":16},"2":{"name":"(anonymous_2)","decl":{"start":{"line":22,"column":14},"end":{"line":22,"column":15}},"loc":{"start":{"line":22,"column":24},"end":{"line":22,"column":48}},"line":22},"3":{"name":"(anonymous_3)","decl":{"start":{"line":24,"column":14},"end":{"line":24,"column":15}},"loc":{"start":{"line":24,"column":24},"end":{"line":24,"column":48}},"line":24}},"branchMap":{"0":{"loc":{"start":{"line":5,"column":8},"end":{"line":11,"column":9}},"type":"if","locations":[{"start":{"line":5,"column":8},"end":{"line":11,"column":9}},{"start":{},"end":{}}],"line":5},"1":{"loc":{"start":{"line":6,"column":12},"end":{"line":10,"column":13}},"type":"if","locations":[{"start":{"line":6,"column":12},"end":{"line":10,"column":13}},{"start":{"line":8,"column":19},"end":{"line":10,"column":13}}],"line":6}},"s":{"0":7,"1":7,"2":41,"3":39,"4":5,"5":34,"6":7,"7":3,"8":3,"9":3,"10":3,"11":3,"12":11,"13":3,"14":3,"15":16,"16":3,"17":3,"18":3,"19":1,"20":1},"f":{"0":7,"1":3,"2":11,"3":16},"b":{"0":[39,2],"1":[5,34]},"_coverageSchema":"1a1c01bbd47fc00a2c39e90264f33305004495a9","hash":"94461d0d481442c5fef89a1d5216b273be1b8818"}
,"C:\\Users\\rkoef\\Documents\\Projects\\Testing\\testing_2023\\Homework\\calculator.js": {"path":"C:\\Users\\rkoef\\Documents\\Projects\\Testing\\testing_2023\\Homework\\calculator.js","statementMap":{"0":{"start":{"line":4,"column":4},"end":{"line":4,"column":17}},"1":{"start":{"line":8,"column":4},"end":{"line":8,"column":17}},"2":{"start":{"line":12,"column":4},"end":{"line":12,"column":17}},"3":{"start":{"line":16,"column":4},"end":{"line":18,"column":5}},"4":{"start":{"line":17,"column":8},"end":{"line":17,"column":44}},"5":{"start":{"line":19,"column":4},"end":{"line":19,"column":17}},"6":{"start":{"line":22,"column":0},"end":{"line":22,"column":18}},"7":{"start":{"line":23,"column":0},"end":{"line":23,"column":18}},"8":{"start":{"line":24,"column":0},"end":{"line":24,"column":20}},"9":{"start":{"line":25,"column":0},"end":{"line":25,"column":18}}},"fnMap":{"0":{"name":"sum","decl":{"start":{"line":3,"column":9},"end":{"line":3,"column":12}},"loc":{"start":{"line":3,"column":19},"end":{"line":5,"column":1}},"line":3},"1":{"name":"sub","decl":{"start":{"line":7,"column":9},"end":{"line":7,"column":12}},"loc":{"start":{"line":7,"column":19},"end":{"line":9,"column":1}},"line":7},"2":{"name":"mult","decl":{"start":{"line":11,"column":9},"end":{"line":11,"column":13}},"loc":{"start":{"line":11,"column":20},"end":{"line":13,"column":1}},"line":11},"3":{"name":"div","decl":{"start":{"line":15,"column":9},"end":{"line":15,"column":12}},"loc":{"start":{"line":15,"column":19},"end":{"line":20,"column":1}},"line":15}},"branchMap":{"0":{"loc":{"start":{"line":16,"column":4},"end":{"line":18,"column":5}},"type":"if","locations":[{"start":{"line":16,"column":4},"end":{"line":18,"column":5}},{"start":{},"end":{}}],"line":16}},"s":{"0":5,"1":1,"2":1,"3":1,"4":0,"5":1,"6":1,"7":1,"8":1,"9":1},"f":{"0":5,"1":1,"2":1,"3":1},"b":{"0":[0,1]},"_coverageSchema":"1a1c01bbd47fc00a2c39e90264f33305004495a9","hash":"f0363a1ff0c73a7826d1d8196738ad40adf714dd"}
,"C:\\Users\\rkoef\\Documents\\Projects\\Testing\\testing_2023\\Homework\\roman_numerals.js": {"path":"C:\\Users\\rkoef\\Documents\\Projects\\Testing\\testing_2023\\Homework\\roman_numerals.js","statementMap":{"0":{"start":{"line":2,"column":24},"end":{"line":10,"column":5}},"1":{"start":{"line":11,"column":21},"end":{"line":11,"column":22}},"2":{"start":{"line":13,"column":4},"end":{"line":23,"column":5}},"3":{"start":{"line":13,"column":17},"end":{"line":13,"column":18}},"4":{"start":{"line":14,"column":24},"end":{"line":14,"column":45}},"5":{"start":{"line":15,"column":21},"end":{"line":15,"column":46}},"6":{"start":{"line":17,"column":8},"end":{"line":22,"column":9}},"7":{"start":{"line":18,"column":12},"end":{"line":18,"column":37}},"8":{"start":{"line":19,"column":12},"end":{"line":19,"column":16}},"9":{"start":{"line":21,"column":12},"end":{"line":21,"column":30}},"10":{"start":{"line":24,"column":4},"end":{"line":24,"column":18}},"11":{"start":{"line":28,"column":21},"end":{"line":28,"column":30}},"12":{"start":{"line":29,"column":26},"end":{"line":29,"column":50}},"13":{"start":{"line":31,"column":0},"end":{"line":31,"column":32}}},"fnMap":{"0":{"name":"romanToInt","decl":{"start":{"line":1,"column":9},"end":{"line":1,"column":19}},"loc":{"start":{"line":1,"column":26},"end":{"line":25,"column":1}},"line":1}},"branchMap":{"0":{"loc":{"start":{"line":17,"column":8},"end":{"line":22,"column":9}},"type":"if","locations":[{"start":{"line":17,"column":8},"end":{"line":22,"column":9}},{"start":{"line":20,"column":15},"end":{"line":22,"column":9}}],"line":17},"1":{"loc":{"start":{"line":17,"column":12},"end":{"line":17,"column":34}},"type":"binary-expr","locations":[{"start":{"line":17,"column":12},"end":{"line":17,"column":16}},{"start":{"line":17,"column":20},"end":{"line":17,"column":34}}],"line":17}},"s":{"0":31,"1":31,"2":31,"3":31,"4":57,"5":57,"6":57,"7":20,"8":20,"9":37,"10":31,"11":1,"12":1,"13":1},"f":{"0":31},"b":{"0":[20,37],"1":[57,40]},"_coverageSchema":"1a1c01bbd47fc00a2c39e90264f33305004495a9","hash":"c6257a7ee745b62b5eb6d492c4d561d3efeea201"}
}
