TN:
SF:TDD.js
FN:2,countLetters
FN:16,isAnagram
FN:22,(anonymous_2)
FN:24,(anonymous_3)
FNF:4
FNH:4
FNDA:7,countLetters
FNDA:3,isAnagram
FNDA:11,(anonymous_2)
FNDA:16,(anonymous_3)
DA:3,7
DA:4,7
DA:5,41
DA:6,39
DA:7,5
DA:9,34
DA:13,7
DA:17,3
DA:18,3
DA:19,3
DA:20,3
DA:22,11
DA:23,3
DA:24,16
DA:25,3
DA:26,3
DA:27,3
DA:30,1
DA:31,1
LF:19
LH:19
BRDA:5,0,0,39
BRDA:5,0,1,2
BRDA:6,1,0,5
BRDA:6,1,1,34
BRF:4
BRH:4
end_of_record
TN:
SF:calculator.js
FN:3,sum
FN:7,sub
FN:11,mult
FN:15,div
FNF:4
FNH:4
FNDA:5,sum
FNDA:1,sub
FNDA:1,mult
FNDA:1,div
DA:4,5
DA:8,1
DA:12,1
DA:16,1
DA:17,0
DA:19,1
DA:22,1
DA:23,1
DA:24,1
DA:25,1
LF:10
LH:9
BRDA:16,0,0,0
BRDA:16,0,1,1
BRF:2
BRH:1
end_of_record
TN:
SF:roman_numerals.js
FN:1,romanToInt
FNF:1
FNH:1
FNDA:31,romanToInt
DA:2,31
DA:11,31
DA:13,31
DA:14,57
DA:15,57
DA:17,57
DA:18,20
DA:19,20
DA:21,37
DA:24,31
DA:28,1
DA:29,1
DA:31,1
LF:13
LH:13
BRDA:17,0,0,20
BRDA:17,0,1,37
BRDA:17,1,0,57
BRDA:17,1,1,40
BRF:4
BRH:4
end_of_record
